Determining if the pthread_create exist failed with the following output:
Change Dir: /home/csuser/Desktop/cpsc223/hw9-rdurnil/CMakeFiles/CMakeTmp

Run Build Command:"/usr/bin/make" "cmTC_b49b8/fast"
/usr/bin/make -f CMakeFiles/cmTC_b49b8.dir/build.make CMakeFiles/cmTC_b49b8.dir/build
make[1]: Entering directory '/home/csuser/Desktop/cpsc223/hw9-rdurnil/CMakeFiles/CMakeTmp'
Building C object CMakeFiles/cmTC_b49b8.dir/CheckSymbolExists.c.o
/usr/bin/cc    -o CMakeFiles/cmTC_b49b8.dir/CheckSymbolExists.c.o   -c /home/csuser/Desktop/cpsc223/hw9-rdurnil/CMakeFiles/CMakeTmp/CheckSymbolExists.c
Linking C executable cmTC_b49b8
/usr/bin/cmake -E cmake_link_script CMakeFiles/cmTC_b49b8.dir/link.txt --verbose=1
/usr/bin/cc      -rdynamic CMakeFiles/cmTC_b49b8.dir/CheckSymbolExists.c.o  -o cmTC_b49b8 
/usr/bin/ld: CMakeFiles/cmTC_b49b8.dir/CheckSymbolExists.c.o: in function `main':
CheckSymbolExists.c:(.text+0x1f): undefined reference to `pthread_create'
collect2: error: ld returned 1 exit status
make[1]: *** [CMakeFiles/cmTC_b49b8.dir/build.make:87: cmTC_b49b8] Error 1
make[1]: Leaving directory '/home/csuser/Desktop/cpsc223/hw9-rdurnil/CMakeFiles/CMakeTmp'
make: *** [Makefile:121: cmTC_b49b8/fast] Error 2

File /home/csuser/Desktop/cpsc223/hw9-rdurnil/CMakeFiles/CMakeTmp/CheckSymbolExists.c:
/* */
#include <pthread.h>

int main(int argc, char** argv)
{
  (void)argv;
#ifndef pthread_create
  return ((int*)(&pthread_create))[argc];
#else
  (void)argc;
  return 0;
#endif
}

Determining if the function pthread_create exists in the pthreads failed with the following output:
Change Dir: /home/csuser/Desktop/cpsc223/hw9-rdurnil/CMakeFiles/CMakeTmp

Run Build Command:"/usr/bin/make" "cmTC_7eb0b/fast"
/usr/bin/make -f CMakeFiles/cmTC_7eb0b.dir/build.make CMakeFiles/cmTC_7eb0b.dir/build
make[1]: Entering directory '/home/csuser/Desktop/cpsc223/hw9-rdurnil/CMakeFiles/CMakeTmp'
Building C object CMakeFiles/cmTC_7eb0b.dir/CheckFunctionExists.c.o
/usr/bin/cc   -DCHECK_FUNCTION_EXISTS=pthread_create   -o CMakeFiles/cmTC_7eb0b.dir/CheckFunctionExists.c.o   -c /usr/share/cmake-3.13/Modules/CheckFunctionExists.c
Linking C executable cmTC_7eb0b
/usr/bin/cmake -E cmake_link_script CMakeFiles/cmTC_7eb0b.dir/link.txt --verbose=1
/usr/bin/cc  -DCHECK_FUNCTION_EXISTS=pthread_create    -rdynamic CMakeFiles/cmTC_7eb0b.dir/CheckFunctionExists.c.o  -o cmTC_7eb0b -lpthreads 
/usr/bin/ld: cannot find -lpthreads
collect2: error: ld returned 1 exit status
make[1]: *** [CMakeFiles/cmTC_7eb0b.dir/build.make:87: cmTC_7eb0b] Error 1
make[1]: Leaving directory '/home/csuser/Desktop/cpsc223/hw9-rdurnil/CMakeFiles/CMakeTmp'
make: *** [Makefile:121: cmTC_7eb0b/fast] Error 2


